This is pdfTeX, Version 3.14159265-2.6-1.40.20 (MiKTeX 2.9.7000 64-bit) (preloaded format=pdflatex 2019.5.17)  11 MAR 2020 10:56
entering extended mode
**./TesiFB.tex
(TesiFB.tex
LaTeX2e <2018-12-01>
("C:\Users\39334\AppData\Local\Programs\MiKTeX 2.9\tex/latex/base\report.cls"
Document Class: report 2018/09/03 v1.4i Standard LaTeX document class
("C:\Users\39334\AppData\Local\Programs\MiKTeX 2.9\tex/latex/base\size12.clo"
File: size12.clo 2018/09/03 v1.4i Standard LaTeX file (size option)
)
\c@part=\count80
\c@chapter=\count81
\c@section=\count82
\c@subsection=\count83
\c@subsubsection=\count84
\c@paragraph=\count85
\c@subparagraph=\count86
\c@figure=\count87
\c@table=\count88
\abovecaptionskip=\skip41
\belowcaptionskip=\skip42
\bibindent=\dimen102
)
("C:\Users\39334\AppData\Local\Programs\MiKTeX 2.9\tex/latex/geometry\geometry.
sty"
Package: geometry 2018/04/16 v5.8 Page Geometry

("C:\Users\39334\AppData\Local\Programs\MiKTeX 2.9\tex/latex/graphics\keyval.st
y"
Package: keyval 2014/10/28 v1.15 key=value parser (DPC)
\KV@toks@=\toks14
)
("C:\Users\39334\AppData\Local\Programs\MiKTeX 2.9\tex/generic/oberdiek\ifpdf.s
ty"
Package: ifpdf 2018/09/07 v3.3 Provides the ifpdf switch
)
("C:\Users\39334\AppData\Local\Programs\MiKTeX 2.9\tex/generic/oberdiek\ifvtex.
sty"
Package: ifvtex 2016/05/16 v1.6 Detect VTeX and its facilities (HO)
Package ifvtex Info: VTeX not detected.
)
("C:\Users\39334\AppData\Local\Programs\MiKTeX 2.9\tex/generic/ifxetex\ifxetex.
sty"
Package: ifxetex 2010/09/12 v0.6 Provides ifxetex conditional
)
\Gm@cnth=\count89
\Gm@cntv=\count90
\c@Gm@tempcnt=\count91
\Gm@bindingoffset=\dimen103
\Gm@wd@mp=\dimen104
\Gm@odd@mp=\dimen105
\Gm@even@mp=\dimen106
\Gm@layoutwidth=\dimen107
\Gm@layoutheight=\dimen108
\Gm@layouthoffset=\dimen109
\Gm@layoutvoffset=\dimen110
\Gm@dimlist=\toks15

("C:\Users\39334\AppData\Local\Programs\MiKTeX 2.9\tex/latex/geometry\geometry.
cfg"))
("C:\Users\39334\AppData\Local\Programs\MiKTeX 2.9\tex/generic/babel\babel.sty"
Package: babel 2019/05/04 3.31 The Babel package
("C:\Users\39334\AppData\Local\Programs\MiKTeX 2.9\tex/generic/babel\switch.def
"
File: switch.def 2019/05/04 3.31 Babel switching mechanism
)
*************************************
* Local config file bblopts.cfg used
*
("C:\Users\39334\AppData\Local\Programs\MiKTeX 2.9\tex/latex/arabi\bblopts.cfg"
File: bblopts.cfg 2005/09/08 v0.1 add Arabic and Farsi to "declared" options of
 babel
)
("C:\Users\39334\AppData\Local\Programs\MiKTeX 2.9\tex/latex/babel-english\engl
ish.ldf"
Language: english 2017/06/06 v3.3r English support from the babel system

("C:\Users\39334\AppData\Local\Programs\MiKTeX 2.9\tex/generic/babel\babel.def"
File: babel.def 2019/05/04 3.31 Babel common definitions
\babel@savecnt=\count92
\U@D=\dimen111

("C:\Users\39334\AppData\Local\Programs\MiKTeX 2.9\tex/generic/babel\txtbabel.d
ef")
\bbl@dirlevel=\count93
)
\l@canadian = a dialect from \language\l@american 
\l@australian = a dialect from \language\l@british 
\l@newzealand = a dialect from \language\l@british 
))
("C:\Users\39334\AppData\Local\Programs\MiKTeX 2.9\tex/latex/base\inputenc.sty"
Package: inputenc 2018/08/11 v1.3c Input encoding file
\inpenc@prehook=\toks16
\inpenc@posthook=\toks17
("C:\Users\39334\AppData\Local\Programs\MiKTeX 2.9\tex/latex/base\latin1.def"
File: latin1.def 2018/08/11 v1.3c Input encoding file
))
("C:\Users\39334\AppData\Local\Programs\MiKTeX 2.9\tex/latex/fancyhdr\fancyhdr.
sty"
Package: fancyhdr 2019/01/31 v3.10 Extensive control of page headers and footer
s
\f@nch@headwidth=\skip43
\f@nch@O@elh=\skip44
\f@nch@O@erh=\skip45
\f@nch@O@olh=\skip46
\f@nch@O@orh=\skip47
\f@nch@O@elf=\skip48
\f@nch@O@erf=\skip49
\f@nch@O@olf=\skip50
\f@nch@O@orf=\skip51
)
("C:\Users\39334\AppData\Local\Programs\MiKTeX 2.9\tex/latex/tools\indentfirst.
sty"
Package: indentfirst 1995/11/23 v1.03 Indent first paragraph (DPC)
)
("C:\Users\39334\AppData\Local\Programs\MiKTeX 2.9\tex/latex/graphics\graphicx.
sty"
Package: graphicx 2017/06/01 v1.1a Enhanced LaTeX Graphics (DPC,SPQR)

("C:\Users\39334\AppData\Local\Programs\MiKTeX 2.9\tex/latex/graphics\graphics.
sty"
Package: graphics 2017/06/25 v1.2c Standard LaTeX Graphics (DPC,SPQR)

("C:\Users\39334\AppData\Local\Programs\MiKTeX 2.9\tex/latex/graphics\trig.sty"
Package: trig 2016/01/03 v1.10 sin cos tan (DPC)
)
("C:\Users\39334\AppData\Local\Programs\MiKTeX 2.9\tex/latex/graphics-cfg\graph
ics.cfg"
File: graphics.cfg 2016/06/04 v1.11 sample graphics configuration
)
Package graphics Info: Driver file: pdftex.def on input line 99.

("C:\Users\39334\AppData\Local\Programs\MiKTeX 2.9\tex/latex/graphics-def\pdfte
x.def"
File: pdftex.def 2018/01/08 v1.0l Graphics/color driver for pdftex
))
\Gin@req@height=\dimen112
\Gin@req@width=\dimen113
)
("C:\Users\39334\AppData\Local\Programs\MiKTeX 2.9\tex/latex/caption\subcaption
.sty"
Package: subcaption 2018/05/01 v1.1-162 Sub-captions (AR)

("C:\Users\39334\AppData\Local\Programs\MiKTeX 2.9\tex/latex/caption\caption.st
y"
Package: caption 2018/10/06 v3.3-154 Customizing captions (AR)

("C:\Users\39334\AppData\Local\Programs\MiKTeX 2.9\tex/latex/caption\caption3.s
ty"
Package: caption3 2018/09/12 v1.8c caption3 kernel (AR)
Package caption3 Info: TeX engine: e-TeX on input line 64.
\captionmargin=\dimen114
\captionmargin@=\dimen115
\captionwidth=\dimen116
\caption@tempdima=\dimen117
\caption@indent=\dimen118
\caption@parindent=\dimen119
\caption@hangindent=\dimen120
)
\c@caption@flags=\count94
\c@ContinuedFloat=\count95
)
\c@subfigure=\count96
\c@subtable=\count97
)
("C:\Users\39334\AppData\Local\Programs\MiKTeX 2.9\tex/latex/base\newlfont.sty"
Package: newlfont 1998/08/17 v2.2m Standard LaTeX package
LaTeX Info: Redefining \em on input line 57.
("C:\Users\39334\AppData\Local\Programs\MiKTeX 2.9\tex/latex/base\latexsym.sty"
Package: latexsym 1998/08/17 v2.2e Standard LaTeX package (lasy symbols)
\symlasy=\mathgroup4
LaTeX Font Info:    Overwriting symbol font `lasy' in version `bold'
(Font)                  U/lasy/m/n --> U/lasy/b/n on input line 52.
))
("C:\Users\39334\AppData\Local\Programs\MiKTeX 2.9\tex/latex/amsfonts\amssymb.s
ty"
Package: amssymb 2013/01/14 v3.01 AMS font symbols

("C:\Users\39334\AppData\Local\Programs\MiKTeX 2.9\tex/latex/amsfonts\amsfonts.
sty"
Package: amsfonts 2013/01/14 v3.01 Basic AMSFonts support
\@emptytoks=\toks18
\symAMSa=\mathgroup5
\symAMSb=\mathgroup6
LaTeX Font Info:    Overwriting math alphabet `\mathfrak' in version `bold'
(Font)                  U/euf/m/n --> U/euf/b/n on input line 106.
))
("C:\Users\39334\AppData\Local\Programs\MiKTeX 2.9\tex/latex/amsmath\amsmath.st
y"
Package: amsmath 2018/12/01 v2.17b AMS math features
\@mathmargin=\skip52

For additional information on amsmath, use the `?' option.

("C:\Users\39334\AppData\Local\Programs\MiKTeX 2.9\tex/latex/amsmath\amstext.st
y"
Package: amstext 2000/06/29 v2.01 AMS text

("C:\Users\39334\AppData\Local\Programs\MiKTeX 2.9\tex/latex/amsmath\amsgen.sty
"
File: amsgen.sty 1999/11/30 v2.0 generic functions
\@emptytoks=\toks19
\ex@=\dimen121
))
("C:\Users\39334\AppData\Local\Programs\MiKTeX 2.9\tex/latex/amsmath\amsbsy.sty
"
Package: amsbsy 1999/11/29 v1.2d Bold Symbols
\pmbraise@=\dimen122
)
("C:\Users\39334\AppData\Local\Programs\MiKTeX 2.9\tex/latex/amsmath\amsopn.sty
"
Package: amsopn 2016/03/08 v2.02 operator names
)
\inf@bad=\count98
LaTeX Info: Redefining \frac on input line 223.
\uproot@=\count99
\leftroot@=\count100
LaTeX Info: Redefining \overline on input line 385.
\classnum@=\count101
\DOTSCASE@=\count102
LaTeX Info: Redefining \ldots on input line 482.
LaTeX Info: Redefining \dots on input line 485.
LaTeX Info: Redefining \cdots on input line 606.
\Mathstrutbox@=\box27
\strutbox@=\box28
\big@size=\dimen123
LaTeX Font Info:    Redeclaring font encoding OML on input line 729.
LaTeX Font Info:    Redeclaring font encoding OMS on input line 730.
\macc@depth=\count103
\c@MaxMatrixCols=\count104
\dotsspace@=\muskip10
\c@parentequation=\count105
\dspbrk@lvl=\count106
\tag@help=\toks20
\row@=\count107
\column@=\count108
\maxfields@=\count109
\andhelp@=\toks21
\eqnshift@=\dimen124
\alignsep@=\dimen125
\tagshift@=\dimen126
\tagwidth@=\dimen127
\totwidth@=\dimen128
\lineht@=\dimen129
\@envbody=\toks22
\multlinegap=\skip53
\multlinetaggap=\skip54
\mathdisplay@stack=\toks23
LaTeX Info: Redefining \[ on input line 2844.
LaTeX Info: Redefining \] on input line 2845.
)
("C:\Users\39334\AppData\Local\Programs\MiKTeX 2.9\tex/latex/amscls\amsthm.sty"
Package: amsthm 2017/10/31 v2.20.4
\thm@style=\toks24
\thm@bodyfont=\toks25
\thm@headfont=\toks26
\thm@notefont=\toks27
\thm@headpunct=\toks28
\thm@preskip=\skip55
\thm@postskip=\skip56
\thm@headsep=\skip57
\dth@everypar=\toks29
)
("C:\Users\39334\AppData\Local\Programs\MiKTeX 2.9\tex/latex/booktabs\booktabs.
sty"
Package: booktabs 2005/04/14 v1.61803 publication quality tables
\heavyrulewidth=\dimen130
\lightrulewidth=\dimen131
\cmidrulewidth=\dimen132
\belowrulesep=\dimen133
\belowbottomsep=\dimen134
\aboverulesep=\dimen135
\abovetopsep=\dimen136
\cmidrulesep=\dimen137
\cmidrulekern=\dimen138
\defaultaddspace=\dimen139
\@cmidla=\count110
\@cmidlb=\count111
\@aboverulesep=\dimen140
\@belowrulesep=\dimen141
\@thisruleclass=\count112
\@lastruleclass=\count113
\@thisrulewidth=\dimen142
)
("C:\Users\39334\AppData\Local\Programs\MiKTeX 2.9\tex/latex/tools\array.sty"
Package: array 2018/12/30 v2.4k Tabular extension package (FMi)
\col@sep=\dimen143
\ar@mcellbox=\box29
\extrarowheight=\dimen144
\NC@list=\toks30
\extratabsurround=\skip58
\backup@length=\skip59
\ar@cellbox=\box30
)
("C:\Users\39334\AppData\Local\Programs\MiKTeX 2.9\tex/latex/braket\braket.sty"
) (TesiFB.aux

LaTeX Warning: Label `KLOE' multiply defined.

)
\openout1 = `TesiFB.aux'.

LaTeX Font Info:    Checking defaults for OML/cmm/m/it on input line 24.
LaTeX Font Info:    ... okay on input line 24.
LaTeX Font Info:    Checking defaults for T1/cmr/m/n on input line 24.
LaTeX Font Info:    ... okay on input line 24.
LaTeX Font Info:    Checking defaults for OT1/cmr/m/n on input line 24.
LaTeX Font Info:    ... okay on input line 24.
LaTeX Font Info:    Checking defaults for OMS/cmsy/m/n on input line 24.
LaTeX Font Info:    ... okay on input line 24.
LaTeX Font Info:    Checking defaults for OMX/cmex/m/n on input line 24.
LaTeX Font Info:    ... okay on input line 24.
LaTeX Font Info:    Checking defaults for U/cmr/m/n on input line 24.
LaTeX Font Info:    ... okay on input line 24.

*geometry* driver: auto-detecting
*geometry* detected driver: pdftex
*geometry* verbose mode - [ preamble ] result:
* driver: pdftex
* paper: a4paper
* layout: <same size as paper>
* layoutoffset:(h,v)=(0.0pt,0.0pt)
* modes: twoside 
* h-part:(L,W,R)=(71.70166pt, 418.25368pt, 107.55254pt)
* v-part:(T,H,B)=(101.40665pt, 591.5302pt, 152.11pt)
* \paperwidth=597.50787pt
* \paperheight=845.04684pt
* \textwidth=418.25368pt
* \textheight=591.5302pt
* \oddsidemargin=-0.56833pt
* \evensidemargin=35.28255pt
* \topmargin=-7.86334pt
* \headheight=12.0pt
* \headsep=25.0pt
* \topskip=12.0pt
* \footskip=30.0pt
* \marginparwidth=85.0pt
* \marginparsep=10.0pt
* \columnsep=10.0pt
* \skip\footins=10.8pt plus 4.0pt minus 2.0pt
* \hoffset=0.0pt
* \voffset=0.0pt
* \mag=1000
* \@twocolumnfalse
* \@twosidetrue
* \@mparswitchtrue
* \@reversemarginfalse
* (1in=72.27pt=25.4mm, 1cm=28.453pt)


("C:\Users\39334\AppData\Local\Programs\MiKTeX 2.9\tex/context/base/mkii\supp-p
df.mkii"
[Loading MPS to PDF converter (version 2006.09.02).]
\scratchcounter=\count114
\scratchdimen=\dimen145
\scratchbox=\box31
\nofMPsegments=\count115
\nofMParguments=\count116
\everyMPshowfont=\toks31
\MPscratchCnt=\count117
\MPscratchDim=\dimen146
\MPnumerator=\count118
\makeMPintoPDFobject=\count119
\everyMPtoPDFconversion=\toks32
)
("C:\Users\39334\AppData\Local\Programs\MiKTeX 2.9\tex/latex/oberdiek\epstopdf-
base.sty"
Package: epstopdf-base 2016/05/15 v2.6 Base part for package epstopdf

("C:\Users\39334\AppData\Local\Programs\MiKTeX 2.9\tex/generic/oberdiek\infware
rr.sty"
Package: infwarerr 2016/05/16 v1.4 Providing info/warning/error messages (HO)
)
("C:\Users\39334\AppData\Local\Programs\MiKTeX 2.9\tex/latex/oberdiek\grfext.st
y"
Package: grfext 2016/05/16 v1.2 Manage graphics extensions (HO)

("C:\Users\39334\AppData\Local\Programs\MiKTeX 2.9\tex/generic/oberdiek\kvdefin
ekeys.sty"
Package: kvdefinekeys 2016/05/16 v1.4 Define keys (HO)

("C:\Users\39334\AppData\Local\Programs\MiKTeX 2.9\tex/generic/oberdiek\ltxcmds
.sty"
Package: ltxcmds 2016/05/16 v1.23 LaTeX kernel commands for general use (HO)
)))
("C:\Users\39334\AppData\Local\Programs\MiKTeX 2.9\tex/latex/oberdiek\kvoptions
.sty"
Package: kvoptions 2016/05/16 v3.12 Key value format for package options (HO)

("C:\Users\39334\AppData\Local\Programs\MiKTeX 2.9\tex/generic/oberdiek\kvsetke
ys.sty"
Package: kvsetkeys 2016/05/16 v1.17 Key value parser (HO)

("C:\Users\39334\AppData\Local\Programs\MiKTeX 2.9\tex/generic/oberdiek\etexcmd
s.sty"
Package: etexcmds 2016/05/16 v1.6 Avoid name clashes with e-TeX commands (HO)

("C:\Users\39334\AppData\Local\Programs\MiKTeX 2.9\tex/generic/oberdiek\ifluate
x.sty"
Package: ifluatex 2016/05/16 v1.4 Provides the ifluatex switch (HO)
Package ifluatex Info: LuaTeX not detected.
))))
("C:\Users\39334\AppData\Local\Programs\MiKTeX 2.9\tex/generic/oberdiek\pdftexc
mds.sty"
Package: pdftexcmds 2018/09/10 v0.29 Utility functions of pdfTeX for LuaTeX (HO
)
Package pdftexcmds Info: LuaTeX not detected.
Package pdftexcmds Info: \pdf@primitive is available.
Package pdftexcmds Info: \pdf@ifprimitive is available.
Package pdftexcmds Info: \pdfdraftmode found.
)
Package epstopdf-base Info: Redefining graphics rule for `.eps' on input line 4
38.
Package grfext Info: Graphics extension search list:
(grfext)             [.pdf,.png,.jpg,.mps,.jpeg,.jbig2,.jb2,.PDF,.PNG,.JPG,.JPE
G,.JBIG2,.JB2,.eps]
(grfext)             \AppendGraphicsExtensions on input line 456.
)
Package caption Info: Begin \AtBeginDocument code.
Package caption Info: End \AtBeginDocument code.
*geometry* verbose mode - [ newgeometry ] result:
* driver: pdftex
* paper: a4paper
* layout: <same size as paper>
* layoutoffset:(h,v)=(0.0pt,0.0pt)
* modes: twoside 
* h-part:(L,W,R)=(72.26999pt, 452.9679pt, 72.26999pt)
* v-part:(T,H,B)=(72.26999pt, 700.50687pt, 72.26999pt)
* \paperwidth=597.50787pt
* \paperheight=845.04684pt
* \textwidth=452.9679pt
* \textheight=700.50687pt
* \oddsidemargin=0.0pt
* \evensidemargin=0.0pt
* \topmargin=-37.0pt
* \headheight=12.0pt
* \headsep=25.0pt
* \topskip=12.0pt
* \footskip=30.0pt
* \marginparwidth=85.0pt
* \marginparsep=10.0pt
* \columnsep=10.0pt
* \skip\footins=10.8pt plus 4.0pt minus 2.0pt
* \hoffset=0.0pt
* \voffset=0.0pt
* \mag=1000
* \@twocolumnfalse
* \@twosidetrue
* \@mparswitchtrue
* \@reversemarginfalse
* (1in=72.27pt=25.4mm, 1cm=28.453pt)

LaTeX Font Info:    Try loading font information for U+lasy on input line 30.

("C:\Users\39334\AppData\Local\Programs\MiKTeX 2.9\tex/latex/base\ulasy.fd"
File: ulasy.fd 1998/08/17 v2.2e LaTeX symbol font definitions
)
LaTeX Font Info:    Try loading font information for U+msa on input line 30.

("C:\Users\39334\AppData\Local\Programs\MiKTeX 2.9\tex/latex/amsfonts\umsa.fd"
File: umsa.fd 2013/01/14 v3.01 AMS symbols A
)
LaTeX Font Info:    Try loading font information for U+msb on input line 30.
("C:\Users\39334\AppData\Local\Programs\MiKTeX 2.9\tex/latex/amsfonts\umsb.fd"
File: umsb.fd 2013/01/14 v3.01 AMS symbols B
)
Underfull \hbox (badness 10000) in paragraph at lines 47--51

 []

[1


{C:/Users/39334/AppData/Local/MiKTeX/2.9/pdftex/config/pdftex.map}] [1

]
[2


] (TesiFB.toc [1

]

Package Fancyhdr Warning: \headheight is too small (12.0pt): 
Make it at least 14.49998pt.
We now make it that large for the rest of the document.
This may cause the page layout to be inconsistent, however.

[2])
\tf@toc=\write3
\openout3 = `TesiFB.toc'.

 [3] [4


] [5

] [6


] [7] [8


]
LaTeX Font Info:    Try loading font information for OMS+cmr on input line 110.


("C:\Users\39334\AppData\Local\Programs\MiKTeX 2.9\tex/latex/base\omscmr.fd"
File: omscmr.fd 2014/09/29 v2.5h Standard LaTeX font definitions
)
LaTeX Font Info:    Font shape `OMS/cmr/m/n' in size <12> not available
(Font)              Font shape `OMS/cmsy/m/n' tried instead on input line 110.

Overfull \hbox (10.07062pt too wide) in paragraph at lines 110--111
[]\OT1/cmr/m/it/12 Chapter 1\OT1/cmr/m/n/12 : Sum-mary of the his-tory of neu-t
rino physics and its fu-ture prospects,
 []


Underfull \vbox (badness 10000) has occurred while \output is active []

 [9]
[10]
Chapter 1.

Overfull \hbox (3.70479pt too wide) in paragraph at lines 127--132
\OT1/cmr/m/n/12 B. Pon-tecorvo was the first to re-al-ize that with a neu-trino
 flux of about $10[]\OML/cmm/m/it/12 =[][]=[]$\OT1/cmr/m/n/12 ,
 []

[1



]
<LEP-NuFlavours.png, id=57, 1010.77625pt x 1027.84pt>
File: LEP-NuFlavours.png Graphic file (type png)
<use LEP-NuFlavours.png>
Package pdftex.def Info: LEP-NuFlavours.png  used on input line 138.
(pdftex.def)             Requested size: 209.12683pt x 212.65332pt.
 [2 <./LEP-NuFlavours.png>] [3] [4]
Underfull \hbox (badness 10000) in paragraph at lines 225--226

 []

[5] [6]
<mass-hierarchy.png, id=80, 722.7pt x 407.121pt>
File: mass-hierarchy.png Graphic file (type png)
<use mass-hierarchy.png>
Package pdftex.def Info: mass-hierarchy.png  used on input line 305.
(pdftex.def)             Requested size: 334.60422pt x 188.49551pt.
 [7 <./mass-hierarchy.png>]
<2flavor_oscillation.png, id=85, 625.1355pt x 322.806pt>
File: 2flavor_oscillation.png Graphic file (type png)
<use 2flavor_oscillation.png>
Package pdftex.def Info: 2flavor_oscillation.png  used on input line 337.
(pdftex.def)             Requested size: 230.04079pt x 118.78616pt.
 [8 <./2flavor_oscillation.png>]
<WZ.png, id=89, 467.346pt x 173.448pt>
File: WZ.png Graphic file (type png)
<use WZ.png>
Package pdftex.def Info: WZ.png  used on input line 384.
(pdftex.def)             Requested size: 334.60422pt x 124.1811pt.
 [9] [10 <./WZ.png>] [11] [12

]
<SSM.png, id=104, 454.69875pt x 321.6015pt>
File: SSM.png Graphic file (type png)
<use SSM.png>
Package pdftex.def Info: SSM.png  used on input line 491.
(pdftex.def)             Requested size: 292.77629pt x 207.0805pt.
 [13]
<SNO.png, id=109, 457.10776pt x 336.65775pt>
File: SNO.png Graphic file (type png)
<use SNO.png>
Package pdftex.def Info: SNO.png  used on input line 506.
(pdftex.def)             Requested size: 292.77629pt x 215.62973pt.
 [14 <./SSM.png>]
<kamland.png, id=113, 450.483pt x 381.8265pt>
File: kamland.png Graphic file (type png)
<use kamland.png>
Package pdftex.def Info: kamland.png  used on input line 528.
(pdftex.def)             Requested size: 292.77629pt x 248.16096pt.
 [15 <./SNO.png>] [16 <./kamland.png>]
<theta13.png, id=120, 1159.33125pt x 579.66562pt>
File: theta13.png Graphic file (type png)
<use theta13.png>
Package pdftex.def Info: theta13.png  used on input line 542.
(pdftex.def)             Requested size: 334.60422pt x 167.30267pt.
<superk.png, id=121, 569.12625pt x 271.0125pt>
File: superk.png Graphic file (type png)
<use superk.png>
Package pdftex.def Info: superk.png  used on input line 551.
(pdftex.def)             Requested size: 376.42575pt x 179.2575pt.

[17 <./theta13.png>]
<atmnu.png, id=125, 1106.63437pt x 537.50812pt>
File: atmnu.png Graphic file (type png)
<use atmnu.png>
Package pdftex.def Info: atmnu.png  used on input line 556.
(pdftex.def)             Requested size: 376.42575pt x 182.83235pt.
 [18 <./superk.png>]
<cpt2k.png, id=130, 477.28313pt x 413.29407pt>
File: cpt2k.png Graphic file (type png)
<use cpt2k.png>
Package pdftex.def Info: cpt2k.png  used on input line 570.
(pdftex.def)             Requested size: 200.75996pt x 173.84088pt.
<cpnova.png, id=131, 487.8225pt x 413.29407pt>
File: cpnova.png Graphic file (type png)
<use cpnova.png>
Package pdftex.def Info: cpnova.png  used on input line 572.
(pdftex.def)             Requested size: 200.75996pt x 170.0886pt.
 [19 <./atmnu.png>]
<massexp.png, id=135, 477.28313pt x 441.14813pt>
File: massexp.png Graphic file (type png)
<use massexp.png>
Package pdftex.def Info: massexp.png  used on input line 583.
(pdftex.def)             Requested size: 292.77629pt x 270.60779pt.

Underfull \vbox (badness 10000) has occurred while \output is active []

 [20 <./cpt2k.png> <./cpnova.png>]
Underfull \vbox (badness 10000) has occurred while \output is active []

 [21 <./massexp.png>]
<stateoftheart.png, id=143, 1288.815pt x 520.94624pt>
File: stateoftheart.png Graphic file (type png)
<use stateoftheart.png>
Package pdftex.def Info: stateoftheart.png  used on input line 591.
(pdftex.def)             Requested size: 418.25368pt x 169.0591pt.
 [22 <./stateoftheart.png>] [23] [24

]
Chapter 2.
<NeutrinoBeam.png, id=154, 904.88063pt x 357.58594pt>
File: NeutrinoBeam.png Graphic file (type png)
<use NeutrinoBeam.png>
Package pdftex.def Info: NeutrinoBeam.png  used on input line 614.
(pdftex.def)             Requested size: 418.25368pt x 165.28268pt.
<PosNu.png, id=155, 552.56438pt x 529.22719pt>
File: PosNu.png Graphic file (type png)
<use PosNu.png>
Package pdftex.def Info: PosNu.png  used on input line 626.
(pdftex.def)             Requested size: 198.67303pt x 190.27937pt.
<NegNu.png, id=156, 530.73282pt x 517.18219pt>
File: NegNu.png Graphic file (type png)
<use NegNu.png>
Package pdftex.def Info: NegNu.png  used on input line 631.
(pdftex.def)             Requested size: 198.67303pt x 193.6035pt.
[25] [26 <./NeutrinoBeam.png>] [27 <./PosNu.png> <./NegNu.png>]
Underfull \hbox (badness 10000) in paragraph at lines 659--661

 []

[28

]
<10kt.png, id=169, 565.36218pt x 413.29407pt>
File: 10kt.png Graphic file (type png)
<use 10kt.png>
Package pdftex.def Info: 10kt.png  used on input line 669.
(pdftex.def)             Requested size: 334.60422pt x 244.61075pt.
<FD-SinglePhaseIn.png, id=170, 995.21812pt x 711.4078pt>
File: FD-SinglePhaseIn.png Graphic file (type png)
<use FD-SinglePhaseIn.png>
Package pdftex.def Info: FD-SinglePhaseIn.png  used on input line 674.
(pdftex.def)             Requested size: 334.60422pt x 239.18336pt.
 [29 <./10kt.png> <./FD-SinglePhaseIn.png>]
<APA.png, id=174, 158.09062pt x 405.01312pt>
File: APA.png Graphic file (type png)
<use APA.png>
Package pdftex.def Info: APA.png  used on input line 684.
(pdftex.def)             Requested size: 96.19655pt x 246.452pt.
<TPC-Slice.png, id=175, 423.83344pt x 332.74312pt>
File: TPC-Slice.png Graphic file (type png)
<use TPC-Slice.png>
Package pdftex.def Info: TPC-Slice.png  used on input line 689.
(pdftex.def)             Requested size: 292.77629pt x 229.86208pt.
<APA-Table.png, id=176, 868.74562pt x 224.33812pt>
File: APA-Table.png Graphic file (type png)
<use APA-Table.png>
Package pdftex.def Info: APA-Table.png  used on input line 698.
(pdftex.def)             Requested size: 418.25368pt x 108.00627pt.
 [30


 <./APA.png> <./TPC-Slice.png>]
<lightModule.png, id=181, 304.88907pt x 475.02469pt>
File: lightModule.png Graphic file (type png)
<use lightModule.png>
Package pdftex.def Info: lightModule.png  used on input line 711.
(pdftex.def)             Requested size: 125.47737pt x 195.49345pt.
<lightPosition.png, id=182, 385.44pt x 314.67563pt>
File: lightPosition.png Graphic file (type png)
<use lightPosition.png>
Package pdftex.def Info: lightPosition.png  used on input line 716.
(pdftex.def)             Requested size: 209.12683pt x 170.72896pt.
 [31 <./APA-Table.png>]
<TPC-Alt.png, id=186, 716.6775pt x 396.7322pt>
File: TPC-Alt.png Graphic file (type png)
<use TPC-Alt.png>
Package pdftex.def Info: TPC-Alt.png  used on input line 725.
(pdftex.def)             Requested size: 418.25368pt x 231.53954pt.
 [32 <./lightModule.png> <./lightPosition.png>]
[33 <./TPC-Alt.png>]
<CRP.png, id=193, 712.91344pt x 230.36063pt>
File: CRP.png Graphic file (type png)
<use CRP.png>
Package pdftex.def Info: CRP.png  used on input line 736.
(pdftex.def)             Requested size: 418.25368pt x 135.14882pt.
<ArgonCube.png, id=194, 1082.0425pt x 938.50626pt>
File: ArgonCube.png Graphic file (type png)
<use ArgonCube.png>
Package pdftex.def Info: ArgonCube.png  used on input line 747.
(pdftex.def)             Requested size: 198.67303pt x 172.31778pt.
<ArgonCubeModule.png, id=195, 1608.0075pt x 1604.99625pt>
File: ArgonCubeModule.png Graphic file (type png)
<use ArgonCubeModule.png>
Package pdftex.def Info: ArgonCubeModule.png  used on input line 752.
(pdftex.def)             Requested size: 198.67303pt x 198.29745pt.
 [34

 <./CRP.png>] [35 <./ArgonCube.png> <./ArgonCubeModule.png>] [36]
Overfull \hbox (3.34016pt too wide) in paragraph at lines 784--786
\OT1/cmr/m/n/12 where $[](\OML/cmm/m/it/12 []\OT1/cmr/m/n/12 )$ is the beam f
lux, $\OML/cmm/m/it/12 "[]\OT1/cmr/m/n/12 (\OML/cmm/m/it/12 []\OT1/cmr/m/n/12 
)$ is the de-tec-tor's ef-fi-ciency and $\OML/cmm/m/it/12 "[]\OT1/cmr/m/n/12 (\
OML/cmm/m/it/12 []\OT1/cmr/m/n/12 )$
 []

<uncertainties.png, id=208, 627.09282pt x 475.7775pt>
File: uncertainties.png Graphic file (type png)
<use uncertainties.png>
Package pdftex.def Info: uncertainties.png  used on input line 794.
(pdftex.def)             Requested size: 313.69025pt x 238.0043pt.

Underfull \vbox (badness 6063) has occurred while \output is active []

 [37]
[38 <./uncertainties.png>]
<oscillograms.png, id=215, 636.87938pt x 587.19376pt>
File: oscillograms.png Graphic file (type png)
<use oscillograms.png>
Package pdftex.def Info: oscillograms.png  used on input line 822.
(pdftex.def)             Requested size: 355.51817pt x 327.77795pt.
 [39] [40 <./oscillograms.png>]
<asymmetrydelta.png, id=222, 626.34pt x 432.11438pt>
File: asymmetrydelta.png Graphic file (type png)
<use asymmetrydelta.png>
Package pdftex.def Info: asymmetrydelta.png  used on input line 867.
(pdftex.def)             Requested size: 334.60422pt x 230.85252pt.
 [41 <./asymmetrydelta.png>] [42]
<exposure-MO.png, id=230, 414.79968pt x 252.19218pt>
File: exposure-MO.png Graphic file (type png)
<use exposure-MO.png>
Package pdftex.def Info: exposure-MO.png  used on input line 892.
(pdftex.def)             Requested size: 250.95476pt x 152.57481pt.
<MOVStheta23.png, id=231, 279.29344pt x 288.3272pt>
File: MOVStheta23.png Graphic file (type png)
<use MOVStheta23.png>
Package pdftex.def Info: MOVStheta23.png  used on input line 897.
(pdftex.def)             Requested size: 156.84512pt x 161.92406pt.
<MOVStheta13.png, id=232, 274.02374pt x 292.84406pt>
File: MOVStheta13.png Graphic file (type png)
<use MOVStheta13.png>
Package pdftex.def Info: MOVStheta13.png  used on input line 899.
(pdftex.def)             Requested size: 156.84512pt x 167.61992pt.
<MOVSm31.png, id=233, 271.0125pt x 287.57437pt>
File: MOVSm31.png Graphic file (type png)
<use MOVSm31.png>
Package pdftex.def Info: MOVSm31.png  used on input line 901.
(pdftex.def)             Requested size: 156.84512pt x 166.43343pt.
<exposure-CPV.png, id=234, 404.26031pt x 250.68657pt>
File: exposure-CPV.png Graphic file (type png)
<use exposure-CPV.png>
Package pdftex.def Info: exposure-CPV.png  used on input line 907.
(pdftex.def)             Requested size: 242.58789pt x 150.43222pt.
<CPVVStheta23.png, id=235, 275.52937pt x 287.57437pt>
File: CPVVStheta23.png Graphic file (type png)
<use CPVVStheta23.png>
Package pdftex.def Info: CPVVStheta23.png  used on input line 912.
(pdftex.def)             Requested size: 156.84512pt x 163.70847pt.
<CPVVStheta13.png, id=236, 267.24844pt x 289.83281pt>
File: CPVVStheta13.png Graphic file (type png)
<use CPVVStheta13.png>
Package pdftex.def Info: CPVVStheta13.png  used on input line 914.
(pdftex.def)             Requested size: 156.84512pt x 170.10652pt.
<CPVVSm31.png, id=237, 278.54062pt x 294.34969pt>
File: CPVVSm31.png Graphic file (type png)
<use CPVVSm31.png>
Package pdftex.def Info: CPVVSm31.png  used on input line 916.
(pdftex.def)             Requested size: 156.84512pt x 165.75093pt.
 [43 <./exposure-MO.png> <./MOVStheta23.png> <./MOVStheta13.png> <./MOVSm31.png
>] [44 <./exposure-CPV.png> <./CPVVStheta23.png> <./CPVVStheta13.png> <./CPVVSm
31.png>]
<precision.png, id=244, 392.96812pt x 405.76593pt>
File: precision.png Graphic file (type png)
<use precision.png>
Package pdftex.def Info: precision.png  used on input line 923.
(pdftex.def)             Requested size: 250.95476pt x 259.13206pt.
 [45


 <./precision.png>]
<octant.png, id=248, 269.50688pt x 280.79906pt>
File: octant.png Graphic file (type png)
<use octant.png>
Package pdftex.def Info: octant.png  used on input line 942.
(pdftex.def)             Requested size: 250.95476pt x 261.47462pt.
<ProtonDecay.png, id=249, 875.52094pt x 291.33844pt>
File: ProtonDecay.png Graphic file (type png)
<use ProtonDecay.png>
Package pdftex.def Info: ProtonDecay.png  used on input line 948.
(pdftex.def)             Requested size: 418.25368pt x 139.17848pt.

Underfull \vbox (badness 10000) has occurred while \output is active []

 [46 <./octant.png>]
<Supernova.png, id=254, 660.21657pt x 449.42906pt>
File: Supernova.png Graphic file (type png)
<use Supernova.png>
Package pdftex.def Info: Supernova.png  used on input line 964.
(pdftex.def)             Requested size: 292.77629pt x 199.30609pt.
 [47 <./ProtonDecay.png>] [48 <./Supernova.png>]
<DUNEatm.png, id=262, 598.48593pt x 247.67531pt>
File: DUNEatm.png Graphic file (type png)
<use DUNEatm.png>
Package pdftex.def Info: DUNEatm.png  used on input line 979.
(pdftex.def)             Requested size: 418.25368pt x 173.09186pt.
 [49 <./DUNEatm.png>]
[50]
Chapter 3.
[51

]
<KLOEsection.png, id=272, 523.9575pt x 414.04688pt>
File: KLOEsection.png Graphic file (type png)
<use KLOEsection.png>
Package pdftex.def Info: KLOEsection.png  used on input line 1012.
(pdftex.def)             Requested size: 334.60422pt x 264.42049pt.
<KLOEECAL.png, id=273, 451.6875pt x 537.50812pt>
File: KLOEECAL.png Graphic file (type png)
<use KLOEECAL.png>
Package pdftex.def Info: KLOEECAL.png  used on input line 1019.
(pdftex.def)             Requested size: 334.60422pt x 398.20087pt.
 [52] [53 <./KLOEsection.png>] [54 <./KLOEECAL.png>] [55]
<STTmodule.png, id=287, 527.72156pt x 370.38374pt>
File: STTmodule.png Graphic file (type png)
<use STTmodule.png>
Package pdftex.def Info: STTmodule.png  used on input line 1051.
(pdftex.def)             Requested size: 292.77629pt x 205.48628pt.
 [56 <./STTmodule.png>] [57] [58] [59] [60] [61] [62

]
Chapter 4.
[63] [64] [65]
<NuFlux.png, id=319, 901.3675pt x 776.9025pt>
File: NuFlux.png Graphic file (type png)
<use NuFlux.png>
Package pdftex.def Info: NuFlux.png  used on input line 1126.
(pdftex.def)             Requested size: 198.67303pt x 171.23915pt.
<NuEventRates.png, id=320, 901.3675pt x 776.9025pt>
File: NuEventRates.png Graphic file (type png)
<use NuEventRates.png>
Package pdftex.def Info: NuEventRates.png  used on input line 1131.
(pdftex.def)             Requested size: 198.67303pt x 171.23915pt.
<NuBarFlux.png, id=321, 901.3675pt x 776.9025pt>
File: NuBarFlux.png Graphic file (type png)
<use NuBarFlux.png>
Package pdftex.def Info: NuBarFlux.png  used on input line 1139.
(pdftex.def)             Requested size: 198.67303pt x 171.23915pt.
<NuBarEventRates.png, id=322, 901.3675pt x 776.9025pt>
File: NuBarEventRates.png Graphic file (type png)
<use NuBarEventRates.png>
Package pdftex.def Info: NuBarEventRates.png  used on input line 1144.
(pdftex.def)             Requested size: 198.67303pt x 171.23915pt.
 [66 <./NuFlux.png> <./NuEventRates.png> <./NuBarFlux.png> <./NuBarEventRates.p
ng>]
<hall.png, id=327, 914.66719pt x 520.94624pt>
File: hall.png Graphic file (type png)
<use hall.png>
Package pdftex.def Info: hall.png  used on input line 1154.
(pdftex.def)             Requested size: 376.42575pt x 214.39218pt.
<kloelat.png, id=328, 789.70032pt x 755.07094pt>
File: kloelat.png Graphic file (type png)
<use kloelat.png>
Package pdftex.def Info: kloelat.png  used on input line 1162.
(pdftex.def)             Requested size: 334.60422pt x 319.92734pt.
<kloefront.png, id=329, 912.40875pt x 755.07094pt>
File: kloefront.png Graphic file (type png)
<use kloefront.png>
Package pdftex.def Info: kloefront.png  used on input line 1167.
(pdftex.def)             Requested size: 334.60422pt x 276.89476pt.


LaTeX Warning: Float too large for page by 113.49187pt on input line 1171.

<ecal.png, id=330, 932.73468pt x 679.78969pt>
File: ecal.png Graphic file (type png)
<use ecal.png>
Package pdftex.def Info: ecal.png  used on input line 1176.
(pdftex.def)             Requested size: 292.77629pt x 213.37767pt.

Underfull \vbox (badness 10000) has occurred while \output is active []

 [67


 <./hall.png>] [68 <./kloelat.png> <./kloefront.png>]
<ECALmodule.png, id=340, 974.89218pt x 364.36125pt>
File: ECALmodule.png Graphic file (type png)
<use ECALmodule.png>
Package pdftex.def Info: ECALmodule.png  used on input line 1186.
(pdftex.def)             Requested size: 376.42575pt x 140.68814pt.
<endcapECAL.png, id=341, 609.9588pt x 542.025pt>
File: endcapECAL.png Graphic file (type png)
<use endcapECAL.png>
Package pdftex.def Info: endcapECAL.png  used on input line 1191.
(pdftex.def)             Requested size: 334.60422pt x 297.34549pt.

Underfull \vbox (badness 1264) has occurred while \output is active []

 [69 <./ecal.png>] [70] [71 <./ECALmodule.png> <./endcapECAL.png>]
<viewer.png, id=354, 791.95876pt x 527.72156pt>
File: viewer.png Graphic file (type png)
<use viewer.png>
Package pdftex.def Info: viewer.png  used on input line 1213.
(pdftex.def)             Requested size: 376.42575pt x 250.83139pt.

Underfull \vbox (badness 2205) has occurred while \output is active []

 [72

 <./viewer.png>]
<cellbarrel.png, id=359, 645.612pt x 234.6366pt>
File: cellbarrel.png Graphic file (type png)
<use cellbarrel.png>
Package pdftex.def Info: cellbarrel.png  used on input line 1226.
(pdftex.def)             Requested size: 376.42575pt x 136.80894pt.
<showevent.png, id=360, 1202.4925pt x 576.1525pt>
File: showevent.png Graphic file (type png)
<use showevent.png>
Package pdftex.def Info: showevent.png  used on input line 1235.
(pdftex.def)             Requested size: 418.25368pt x 200.39922pt.
 [73 <./cellbarrel.png>] [74 <./showevent.png>] [75]
Overfull \hbox (6.97868pt too wide) in paragraph at lines 1261--1262
[]\OT1/cmr/m/n/12 Two ar-rays con-tain-ing the photo-electron times in in-creas
-ing or-der ($\OML/cmm/m/it/12 t[]\OT1/cmr/m/n/12 [\OML/cmm/m/it/12 N[]\OT1/cmr
/m/n/12 ]$
 []

[76] [77]
<helicoidal.png, id=377, 703.87968pt x 536.0025pt>
File: helicoidal.png Graphic file (type png)
<use helicoidal.png>
Package pdftex.def Info: helicoidal.png  used on input line 1314.
(pdftex.def)             Requested size: 198.67303pt x 151.28195pt.
<circular.png, id=378, 772.38562pt x 562.35094pt>
File: circular.png Graphic file (type png)
<use circular.png>
Package pdftex.def Info: circular.png  used on input line 1319.
(pdftex.def)             Requested size: 198.67303pt x 144.64609pt.
 [78] [79 <./helicoidal.png> <./circular.png>] [80]
Chapter 5.

Underfull \vbox (badness 1400) has occurred while \output is active []

 [81

]
<frontcaloXY.png, id=392, 722.7pt x 542.025pt>
File: frontcaloXY.png Graphic file (type png)
<use frontcaloXY.png>
Package pdftex.def Info: frontcaloXY.png  used on input line 1392.
(pdftex.def)             Requested size: 230.04079pt x 172.52522pt.
<frontcaloYZ.png, id=393, 779.91376pt x 798.73407pt>
File: frontcaloYZ.png Graphic file (type png)
<use frontcaloYZ.png>
Package pdftex.def Info: frontcaloYZ.png  used on input line 1397.
(pdftex.def)             Requested size: 167.2989pt x 171.33447pt.
<particleGun.png, id=394, 912.5292pt x 317.0244pt>
File: particleGun.png Graphic file (type png)
<use particleGun.png>
Package pdftex.def Info: particleGun.png  used on input line 1407.
(pdftex.def)             Requested size: 418.25368pt x 145.31055pt.

[82 <./frontcaloXY.png> <./frontcaloYZ.png>]
<hEcell.png, id=400, 901.3675pt x 576.1525pt>
File: hEcell.png Graphic file (type png)
<use hEcell.png>
Package pdftex.def Info: hEcell.png  used on input line 1414.
(pdftex.def)             Requested size: 418.25368pt x 267.34549pt.

Underfull \vbox (badness 2103) has occurred while \output is active []

 [83 <./particleGun.png>] [84 <./hEcell.png>]
<xy_fiducial.png, id=409, 1001.7425pt x 977.6525pt>
File: xy_fiducial.png Graphic file (type png)
<use xy_fiducial.png>
Package pdftex.def Info: xy_fiducial.png  used on input line 1438.
(pdftex.def)             Requested size: 198.67303pt x 193.88608pt.
<yz_fiducial.png, id=410, 1001.7425pt x 977.6525pt>
File: yz_fiducial.png Graphic file (type png)
<use yz_fiducial.png>
Package pdftex.def Info: yz_fiducial.png  used on input line 1443.
(pdftex.def)             Requested size: 198.67303pt x 193.88608pt.
 [85 <./xy_fiducial.png> <./yz_fiducial.png>]
<Enu_cut.png, id=414, 1001.7425pt x 977.6525pt>
File: Enu_cut.png Graphic file (type png)
<use Enu_cut.png>
Package pdftex.def Info: Enu_cut.png  used on input line 1457.
(pdftex.def)             Requested size: 198.67303pt x 193.88608pt.
<fiducial_eff.png, id=415, 1001.7425pt x 977.6525pt>
File: fiducial_eff.png Graphic file (type png)
<use fiducial_eff.png>
Package pdftex.def Info: fiducial_eff.png  used on input line 1462.
(pdftex.def)             Requested size: 198.67303pt x 193.88608pt.

[86 <./Enu_cut.png> <./fiducial_eff.png>]
<pmutrue_reco.png, id=419, 1001.7425pt x 977.6525pt>
File: pmutrue_reco.png Graphic file (type png)
<use pmutrue_reco.png>
Package pdftex.def Info: pmutrue_reco.png  used on input line 1487.
(pdftex.def)             Requested size: 198.67303pt x 193.88608pt.
<eff_reco.png, id=420, 1001.7425pt x 977.6525pt>
File: eff_reco.png Graphic file (type png)
<use eff_reco.png>
Package pdftex.def Info: eff_reco.png  used on input line 1492.
(pdftex.def)             Requested size: 198.67303pt x 193.88608pt.
 [87 <./pmutrue_reco.png> <./eff_reco.png>]
<pmu_recoVSpm_true.png, id=424, 1001.7425pt x 977.6525pt>
File: pmu_recoVSpm_true.png Graphic file (type png)
<use pmu_recoVSpm_true.png>
Package pdftex.def Info: pmu_recoVSpm_true.png  used on input line 1509.
(pdftex.def)             Requested size: 198.67303pt x 193.88608pt.
<ptrueVSprecoQ.png, id=425, 1001.7425pt x 977.6525pt>
File: ptrueVSprecoQ.png Graphic file (type png)
<use ptrueVSprecoQ.png>
Package pdftex.def Info: ptrueVSprecoQ.png  used on input line 1514.
(pdftex.def)             Requested size: 198.67303pt x 193.88608pt.
 [88 <./pmu_recoVSpm_true.png> <./ptrueVSprecoQ.png>]
<pl_chi2_ln.png, id=429, 1001.7425pt x 977.6525pt>
File: pl_chi2_ln.png Graphic file (type png)
<use pl_chi2_ln.png>
Package pdftex.def Info: pl_chi2_ln.png  used on input line 1530.
(pdftex.def)             Requested size: 198.67303pt x 193.88608pt.
<pt_chi2_cr.png, id=430, 1001.7425pt x 977.6525pt>
File: pt_chi2_cr.png Graphic file (type png)
<use pt_chi2_cr.png>
Package pdftex.def Info: pt_chi2_cr.png  used on input line 1535.
(pdftex.def)             Requested size: 198.67303pt x 193.88608pt.
<numuFlux_change.png, id=431, 901.3675pt x 776.9025pt>
File: numuFlux_change.png Graphic file (type png)
<use numuFlux_change.png>
Package pdftex.def Info: numuFlux_change.png  used on input line 1555.
(pdftex.def)             Requested size: 292.77629pt x 252.34805pt.

Underfull \hbox (badness 10000) in paragraph at lines 1558--1560

 []

[89 <./pl_chi2_ln.png> <./pt_chi2_cr.png>]
Underfull \hbox (badness 10000) in paragraph at lines 1561--1562

 []


Underfull \vbox (badness 10000) has occurred while \output is active []

 [90 <./numuFlux_change.png>] [91] [92]
<precoHalf.png, id=445, 1001.7425pt x 977.6525pt>
File: precoHalf.png Graphic file (type png)
<use precoHalf.png>
Package pdftex.def Info: precoHalf.png  used on input line 1625.
(pdftex.def)             Requested size: 198.67303pt x 193.88608pt.
<ptrueFluxeseverything.png, id=446, 1001.7425pt x 977.6525pt>
File: ptrueFluxeseverything.png Graphic file (type png)
<use ptrueFluxeseverything.png>
Package pdftex.def Info: ptrueFluxeseverything.png  used on input line 1630.
(pdftex.def)             Requested size: 198.67303pt x 193.88608pt.

Overfull \hbox (4.60721pt too wide) in paragraph at lines 1638--1641
\OT1/cmr/m/n/12 The cor-re-spon-dent p-values and con-fi-dence lev-els were ob-
tained for the Kolmogorov-
 []

[93] [94 <./precoHalf.png> <./ptrueFluxeseverything.png>]
<precoFluxesMuonOK.png, id=453, 1001.7425pt x 977.6525pt>
File: precoFluxesMuonOK.png Graphic file (type png)
<use precoFluxesMuonOK.png>
Package pdftex.def Info: precoFluxesMuonOK.png  used on input line 1654.
(pdftex.def)             Requested size: 209.12683pt x 204.08983pt.
<precoFluxesQ.png, id=454, 1001.7425pt x 977.6525pt>
File: precoFluxesQ.png Graphic file (type png)
<use precoFluxesQ.png>
Package pdftex.def Info: precoFluxesQ.png  used on input line 1659.
(pdftex.def)             Requested size: 209.12683pt x 204.08983pt.
 [95 <./precoFluxesMuonOK.png>]
<chi2.png, id=458, 1001.7425pt x 977.6525pt>
File: chi2.png Graphic file (type png)
<use chi2.png>
Package pdftex.def Info: chi2.png  used on input line 1682.
(pdftex.def)             Requested size: 198.67303pt x 193.88608pt.
<PV.png, id=459, 1001.7425pt x 977.6525pt>
File: PV.png Graphic file (type png)
<use PV.png>
Package pdftex.def Info: PV.png  used on input line 1687.
(pdftex.def)             Requested size: 198.67303pt x 193.88608pt.
<sigma.png, id=460, 1001.7425pt x 977.6525pt>
File: sigma.png Graphic file (type png)
<use sigma.png>
Package pdftex.def Info: sigma.png  used on input line 1692.
(pdftex.def)             Requested size: 198.67303pt x 193.88608pt.
 [96 <./precoFluxesQ.png>] [97 <./chi2.png> <./PV.png> <./sigma.png>]
[98


]
Underfull \vbox (badness 10000) has occurred while \output is active []

 [99]
[100] [101

] [102] [103] [104]
Underfull \hbox (badness 2635) in paragraph at lines 1798--1799
\OT1/cmr/m/n/12 u-lar Ap-proach for Liq-uid Ar-gon TPC Neu-trino De-tec-tors fo
r Near
 []


Underfull \hbox (badness 10000) in paragraph at lines 1798--1799
\OT1/cmr/m/n/12 De-tec-tor En-vi-ron-ments",CERN, Ar-gonCube Col-lab-o-ra-tion,
 Geneva,
 []


Underfull \hbox (badness 10000) in paragraph at lines 1798--1799
\OT1/cmr/m/n/12 CERN-SPSC-2017-025. SPSC-I-246,Jun 2017,CERN-SPSC-2017-025,
 []

[105]
Underfull \hbox (badness 1708) in paragraph at lines 1815--1816
\OT1/cmr/m/n/12 Par-ti-celle", Di-par-ti-mento di Fisica, Uni-ver-sita degli s
tudi di Mi-lano,
 []

[106]
Underfull \hbox (badness 1297) in paragraph at lines 1822--1823
[]\OT1/cmr/m/n/12 Scholz, F. W.; Stephens, M. A. (1987). ``K-sample Anderson-Da
rling
 []

[107] (TesiFB.aux)

LaTeX Warning: There were multiply-defined labels.

 ) 
Here is how much of TeX's memory you used:
 5599 strings out of 492895
 84804 string characters out of 3123735
 163302 words of memory out of 3000000
 9311 multiletter control sequences out of 15000+200000
 17260 words of font info for 69 fonts, out of 3000000 for 9000
 1143 hyphenation exceptions out of 8191
 42i,23n,43p,1176b,447s stack positions out of 5000i,500n,10000p,200000b,50000s
<C:/Users/39334/AppData/Local/Programs/MiKTeX 2.9/fonts/type1/public/amsfonts
/cm/cmbx10.pfb><C:/Users/39334/AppData/Local/Programs/MiKTeX 2.9/fonts/type1/pu
blic/amsfonts/cm/cmbx12.pfb><C:/Users/39334/AppData/Local/Programs/MiKTeX 2.9/f
onts/type1/public/amsfonts/cm/cmcsc10.pfb><C:/Users/39334/AppData/Local/Program
s/MiKTeX 2.9/fonts/type1/public/amsfonts/cm/cmex10.pfb><C:/Users/39334/AppData/
Local/Programs/MiKTeX 2.9/fonts/type1/public/amsfonts/cm/cmmi10.pfb><C:/Users/3
9334/AppData/Local/Programs/MiKTeX 2.9/fonts/type1/public/amsfonts/cm/cmmi12.pf
b><C:/Users/39334/AppData/Local/Programs/MiKTeX 2.9/fonts/type1/public/amsfonts
/cm/cmmi6.pfb><C:/Users/39334/AppData/Local/Programs/MiKTeX 2.9/fonts/type1/pub
lic/amsfonts/cm/cmmi8.pfb><C:/Users/39334/AppData/Local/Programs/MiKTeX 2.9/fon
ts/type1/public/amsfonts/cm/cmr10.pfb><C:/Users/39334/AppData/Local/Programs/Mi
KTeX 2.9/fonts/type1/public/amsfonts/cm/cmr12.pfb><C:/Users/39334/AppData/Local
/Programs/MiKTeX 2.9/fonts/type1/public/amsfonts/cm/cmr6.pfb><C:/Users/39334/Ap
pData/Local/Programs/MiKTeX 2.9/fonts/type1/public/amsfonts/cm/cmr8.pfb><C:/Use
rs/39334/AppData/Local/Programs/MiKTeX 2.9/fonts/type1/public/amsfonts/cm/cmsl1
2.pfb><C:/Users/39334/AppData/Local/Programs/MiKTeX 2.9/fonts/type1/public/amsf
onts/cm/cmsy10.pfb><C:/Users/39334/AppData/Local/Programs/MiKTeX 2.9/fonts/type
1/public/amsfonts/cm/cmsy6.pfb><C:/Users/39334/AppData/Local/Programs/MiKTeX 2.
9/fonts/type1/public/amsfonts/cm/cmsy8.pfb><C:/Users/39334/AppData/Local/Progra
ms/MiKTeX 2.9/fonts/type1/public/amsfonts/cm/cmti12.pfb><C:/Users/39334/AppData
/Local/Programs/MiKTeX 2.9/fonts/type1/public/amsfonts/symbols/msam10.pfb>
Output written on TesiFB.pdf (120 pages, 13282548 bytes).
PDF statistics:
 559 PDF objects out of 1000 (max. 8388607)
 0 named destinations out of 1000 (max. 500000)
 421 words of extra memory for PDF output out of 10000 (max. 10000000)

